{"D:\\Assignment\\New folder\\__test__\\grossToNet.js": {"path":"D:\\Assignment\\New folder\\__test__\\grossToNet.js","statementMap":{"0":{"start":{"line":1,"column":16},"end":{"line":1,"column":52}},"1":{"start":{"line":3,"column":0},"end":{"line":13,"column":2}},"2":{"start":{"line":4,"column":15},"end":{"line":4,"column":67}},"3":{"start":{"line":5,"column":2},"end":{"line":12,"column":3}},"4":{"start":{"line":7,"column":6},"end":{"line":7,"column":15}},"5":{"start":{"line":9,"column":6},"end":{"line":9,"column":17}},"6":{"start":{"line":11,"column":6},"end":{"line":11,"column":18}},"7":{"start":{"line":14,"column":0},"end":{"line":24,"column":2}},"8":{"start":{"line":15,"column":15},"end":{"line":15,"column":62}},"9":{"start":{"line":16,"column":2},"end":{"line":23,"column":3}},"10":{"start":{"line":18,"column":6},"end":{"line":18,"column":15}},"11":{"start":{"line":20,"column":6},"end":{"line":20,"column":17}},"12":{"start":{"line":22,"column":6},"end":{"line":22,"column":18}},"13":{"start":{"line":25,"column":0},"end":{"line":35,"column":2}},"14":{"start":{"line":26,"column":15},"end":{"line":26,"column":55}},"15":{"start":{"line":27,"column":2},"end":{"line":34,"column":3}},"16":{"start":{"line":29,"column":6},"end":{"line":29,"column":15}},"17":{"start":{"line":31,"column":6},"end":{"line":31,"column":17}},"18":{"start":{"line":33,"column":6},"end":{"line":33,"column":18}}},"fnMap":{"0":{"name":"(anonymous_0)","decl":{"start":{"line":3,"column":30},"end":{"line":3,"column":31}},"loc":{"start":{"line":3,"column":59},"end":{"line":13,"column":1}},"line":3},"1":{"name":"(anonymous_1)","decl":{"start":{"line":14,"column":22},"end":{"line":14,"column":23}},"loc":{"start":{"line":14,"column":54},"end":{"line":24,"column":1}},"line":14},"2":{"name":"(anonymous_2)","decl":{"start":{"line":25,"column":16},"end":{"line":25,"column":17}},"loc":{"start":{"line":25,"column":47},"end":{"line":35,"column":1}},"line":25}},"branchMap":{"0":{"loc":{"start":{"line":5,"column":2},"end":{"line":12,"column":3}},"type":"switch","locations":[{"start":{"line":6,"column":4},"end":{"line":7,"column":15}},{"start":{"line":8,"column":4},"end":{"line":9,"column":17}},{"start":{"line":10,"column":4},"end":{"line":11,"column":18}}],"line":5},"1":{"loc":{"start":{"line":16,"column":2},"end":{"line":23,"column":3}},"type":"switch","locations":[{"start":{"line":17,"column":4},"end":{"line":18,"column":15}},{"start":{"line":19,"column":4},"end":{"line":20,"column":17}},{"start":{"line":21,"column":4},"end":{"line":22,"column":18}}],"line":16},"2":{"loc":{"start":{"line":27,"column":2},"end":{"line":34,"column":3}},"type":"switch","locations":[{"start":{"line":28,"column":4},"end":{"line":29,"column":15}},{"start":{"line":30,"column":4},"end":{"line":31,"column":17}},{"start":{"line":32,"column":4},"end":{"line":33,"column":18}}],"line":27}},"s":{"0":1,"1":1,"2":6,"3":6,"4":4,"5":0,"6":2,"7":1,"8":4,"9":4,"10":0,"11":0,"12":4,"13":1,"14":3,"15":3,"16":1,"17":0,"18":2},"f":{"0":6,"1":4,"2":3},"b":{"0":[4,0,2],"1":[0,0,4],"2":[1,0,2]},"_coverageSchema":"1a1c01bbd47fc00a2c39e90264f33305004495a9","hash":"ecb41f93576cb63940a3f9950776759dc19b64e0"}
,"D:\\Assignment\\New folder\\src\\config\\mysql.js": {"path":"D:\\Assignment\\New folder\\src\\config\\mysql.js","statementMap":{"0":{"start":{"line":1,"column":0},"end":{"line":1,"column":27}},"1":{"start":{"line":3,"column":0},"end":{"line":12,"column":3}}},"fnMap":{},"branchMap":{},"s":{"0":1,"1":1},"f":{},"b":{},"_coverageSchema":"1a1c01bbd47fc00a2c39e90264f33305004495a9","hash":"65a3dc53665ac464c540c046a89011559bd7130d"}
,"D:\\Assignment\\New folder\\src\\models\\insurance.js": {"path":"D:\\Assignment\\New folder\\src\\models\\insurance.js","statementMap":{"0":{"start":{"line":1,"column":18},"end":{"line":1,"column":38}},"1":{"start":{"line":5,"column":4},"end":{"line":5,"column":23}},"2":{"start":{"line":8,"column":0},"end":{"line":8,"column":27}}},"fnMap":{"0":{"name":"(anonymous_0)","decl":{"start":{"line":4,"column":2},"end":{"line":4,"column":3}},"loc":{"start":{"line":4,"column":25},"end":{"line":6,"column":3}},"line":4}},"branchMap":{},"s":{"0":1,"1":30,"2":1},"f":{"0":30},"b":{},"_coverageSchema":"1a1c01bbd47fc00a2c39e90264f33305004495a9","hash":"dd9a612e1cb6077cf391dc0fb9b38bfd23eb6ac6"}
,"D:\\Assignment\\New folder\\src\\models\\taxLevel.js": {"path":"D:\\Assignment\\New folder\\src\\models\\taxLevel.js","statementMap":{"0":{"start":{"line":1,"column":18},"end":{"line":1,"column":38}},"1":{"start":{"line":5,"column":4},"end":{"line":5,"column":22}},"2":{"start":{"line":8,"column":0},"end":{"line":8,"column":26}}},"fnMap":{"0":{"name":"(anonymous_0)","decl":{"start":{"line":4,"column":2},"end":{"line":4,"column":3}},"loc":{"start":{"line":4,"column":25},"end":{"line":6,"column":3}},"line":4}},"branchMap":{},"s":{"0":1,"1":9,"2":1},"f":{"0":9},"b":{},"_coverageSchema":"1a1c01bbd47fc00a2c39e90264f33305004495a9","hash":"14ef0d58b02d03c73afbecd9a29dd4380f00c528"}
,"D:\\Assignment\\New folder\\src\\service\\grossToNet.js": {"path":"D:\\Assignment\\New folder\\src\\service\\grossToNet.js","statementMap":{"0":{"start":{"line":1,"column":13},"end":{"line":1,"column":39}},"1":{"start":{"line":2,"column":18},"end":{"line":2,"column":48}},"2":{"start":{"line":3,"column":17},"end":{"line":3,"column":46}},"3":{"start":{"line":6,"column":18},"end":{"line":6,"column":38}},"4":{"start":{"line":8,"column":0},"end":{"line":8,"column":17}},"5":{"start":{"line":11,"column":2},"end":{"line":13,"column":3}},"6":{"start":{"line":12,"column":4},"end":{"line":12,"column":13}},"7":{"start":{"line":14,"column":2},"end":{"line":16,"column":3}},"8":{"start":{"line":15,"column":4},"end":{"line":15,"column":13}},"9":{"start":{"line":17,"column":2},"end":{"line":17,"column":30}},"10":{"start":{"line":18,"column":2},"end":{"line":18,"column":67}},"11":{"start":{"line":18,"column":58},"end":{"line":18,"column":67}},"12":{"start":{"line":20,"column":2},"end":{"line":33,"column":12}},"13":{"start":{"line":89,"column":2},"end":{"line":91,"column":3}},"14":{"start":{"line":90,"column":4},"end":{"line":90,"column":13}},"15":{"start":{"line":92,"column":2},"end":{"line":92,"column":79}},"16":{"start":{"line":92,"column":68},"end":{"line":92,"column":79}},"17":{"start":{"line":93,"column":12},"end":{"line":93,"column":13}},"18":{"start":{"line":94,"column":20},"end":{"line":94,"column":21}},"19":{"start":{"line":95,"column":22},"end":{"line":95,"column":23}},"20":{"start":{"line":96,"column":12},"end":{"line":96,"column":34}},"21":{"start":{"line":98,"column":2},"end":{"line":113,"column":3}},"22":{"start":{"line":99,"column":4},"end":{"line":99,"column":26}},"23":{"start":{"line":101,"column":4},"end":{"line":101,"column":42}},"24":{"start":{"line":103,"column":4},"end":{"line":112,"column":7}},"25":{"start":{"line":104,"column":6},"end":{"line":109,"column":7}},"26":{"start":{"line":105,"column":8},"end":{"line":105,"column":67}},"27":{"start":{"line":107,"column":8},"end":{"line":107,"column":48}},"28":{"start":{"line":108,"column":8},"end":{"line":108,"column":21}},"29":{"start":{"line":110,"column":6},"end":{"line":110,"column":38}},"30":{"start":{"line":111,"column":6},"end":{"line":111,"column":18}},"31":{"start":{"line":114,"column":2},"end":{"line":114,"column":48}},"32":{"start":{"line":117,"column":2},"end":{"line":117,"column":27}},"33":{"start":{"line":117,"column":18},"end":{"line":117,"column":27}},"34":{"start":{"line":118,"column":2},"end":{"line":118,"column":62}},"35":{"start":{"line":118,"column":51},"end":{"line":118,"column":62}},"36":{"start":{"line":119,"column":12},"end":{"line":119,"column":39}},"37":{"start":{"line":120,"column":13},"end":{"line":120,"column":59}},"38":{"start":{"line":121,"column":13},"end":{"line":121,"column":59}},"39":{"start":{"line":122,"column":13},"end":{"line":122,"column":59}},"40":{"start":{"line":124,"column":24},"end":{"line":124,"column":50}},"41":{"start":{"line":125,"column":18},"end":{"line":125,"column":57}},"42":{"start":{"line":126,"column":2},"end":{"line":132,"column":4}},"43":{"start":{"line":134,"column":0},"end":{"line":134,"column":61}}},"fnMap":{"0":{"name":"insuranceCalculator","decl":{"start":{"line":10,"column":15},"end":{"line":10,"column":34}},"loc":{"start":{"line":10,"column":54},"end":{"line":86,"column":1}},"line":10},"1":{"name":"personalTax","decl":{"start":{"line":88,"column":15},"end":{"line":88,"column":26}},"loc":{"start":{"line":88,"column":49},"end":{"line":115,"column":1}},"line":88},"2":{"name":"(anonymous_2)","decl":{"start":{"line":103,"column":14},"end":{"line":103,"column":15}},"loc":{"start":{"line":103,"column":21},"end":{"line":112,"column":5}},"line":103},"3":{"name":"toNet","decl":{"start":{"line":116,"column":15},"end":{"line":116,"column":20}},"loc":{"start":{"line":116,"column":42},"end":{"line":133,"column":1}},"line":116}},"branchMap":{"0":{"loc":{"start":{"line":11,"column":2},"end":{"line":13,"column":3}},"type":"if","locations":[{"start":{"line":11,"column":2},"end":{"line":13,"column":3}},{"start":{},"end":{}}],"line":11},"1":{"loc":{"start":{"line":14,"column":2},"end":{"line":16,"column":3}},"type":"if","locations":[{"start":{"line":14,"column":2},"end":{"line":16,"column":3}},{"start":{},"end":{}}],"line":14},"2":{"loc":{"start":{"line":14,"column":6},"end":{"line":14,"column":56}},"type":"binary-expr","locations":[{"start":{"line":14,"column":6},"end":{"line":14,"column":20}},{"start":{"line":14,"column":24},"end":{"line":14,"column":38}},{"start":{"line":14,"column":42},"end":{"line":14,"column":56}}],"line":14},"3":{"loc":{"start":{"line":18,"column":2},"end":{"line":18,"column":67}},"type":"if","locations":[{"start":{"line":18,"column":2},"end":{"line":18,"column":67}},{"start":{},"end":{}}],"line":18},"4":{"loc":{"start":{"line":18,"column":6},"end":{"line":18,"column":56}},"type":"binary-expr","locations":[{"start":{"line":18,"column":6},"end":{"line":18,"column":27}},{"start":{"line":18,"column":31},"end":{"line":18,"column":43}},{"start":{"line":18,"column":47},"end":{"line":18,"column":56}}],"line":18},"5":{"loc":{"start":{"line":20,"column":9},"end":{"line":33,"column":11}},"type":"cond-expr","locations":[{"start":{"line":27,"column":6},"end":{"line":29,"column":7}},{"start":{"line":30,"column":6},"end":{"line":33,"column":11}}],"line":20},"6":{"loc":{"start":{"line":89,"column":2},"end":{"line":91,"column":3}},"type":"if","locations":[{"start":{"line":89,"column":2},"end":{"line":91,"column":3}},{"start":{},"end":{}}],"line":89},"7":{"loc":{"start":{"line":89,"column":6},"end":{"line":89,"column":38}},"type":"binary-expr","locations":[{"start":{"line":89,"column":6},"end":{"line":89,"column":26}},{"start":{"line":89,"column":30},"end":{"line":89,"column":38}}],"line":89},"8":{"loc":{"start":{"line":92,"column":2},"end":{"line":92,"column":79}},"type":"if","locations":[{"start":{"line":92,"column":2},"end":{"line":92,"column":79}},{"start":{},"end":{}}],"line":92},"9":{"loc":{"start":{"line":92,"column":6},"end":{"line":92,"column":66}},"type":"binary-expr","locations":[{"start":{"line":92,"column":6},"end":{"line":92,"column":40}},{"start":{"line":92,"column":44},"end":{"line":92,"column":66}}],"line":92},"10":{"loc":{"start":{"line":98,"column":2},"end":{"line":113,"column":3}},"type":"if","locations":[{"start":{"line":98,"column":2},"end":{"line":113,"column":3}},{"start":{"line":100,"column":9},"end":{"line":113,"column":3}}],"line":98},"11":{"loc":{"start":{"line":104,"column":6},"end":{"line":109,"column":7}},"type":"if","locations":[{"start":{"line":104,"column":6},"end":{"line":109,"column":7}},{"start":{},"end":{}}],"line":104},"12":{"loc":{"start":{"line":104,"column":10},"end":{"line":104,"column":47}},"type":"binary-expr","locations":[{"start":{"line":104,"column":10},"end":{"line":104,"column":32}},{"start":{"line":104,"column":36},"end":{"line":104,"column":47}}],"line":104},"13":{"loc":{"start":{"line":117,"column":2},"end":{"line":117,"column":27}},"type":"if","locations":[{"start":{"line":117,"column":2},"end":{"line":117,"column":27}},{"start":{},"end":{}}],"line":117},"14":{"loc":{"start":{"line":118,"column":2},"end":{"line":118,"column":62}},"type":"if","locations":[{"start":{"line":118,"column":2},"end":{"line":118,"column":62}},{"start":{},"end":{}}],"line":118},"15":{"loc":{"start":{"line":118,"column":6},"end":{"line":118,"column":49}},"type":"binary-expr","locations":[{"start":{"line":118,"column":6},"end":{"line":118,"column":20}},{"start":{"line":118,"column":24},"end":{"line":118,"column":49}}],"line":118}},"s":{"0":1,"1":1,"2":1,"3":1,"4":1,"5":9,"6":1,"7":8,"8":2,"9":6,"10":6,"11":1,"12":5,"13":5,"14":0,"15":5,"16":2,"17":3,"18":3,"19":3,"20":3,"21":3,"22":1,"23":2,"24":2,"25":2,"26":2,"27":2,"28":2,"29":0,"30":0,"31":3,"32":3,"33":1,"34":2,"35":1,"36":1,"37":1,"38":1,"39":1,"40":1,"41":1,"42":1,"43":1},"f":{"0":9,"1":5,"2":2,"3":3},"b":{"0":[1,8],"1":[2,6],"2":[8,6,3],"3":[1,5],"4":[6,6,5],"5":[1,4],"6":[0,5],"7":[5,5],"8":[2,3],"9":[5,4],"10":[1,2],"11":[2,0],"12":[2,0],"13":[1,2],"14":[1,1],"15":[2,2]},"_coverageSchema":"1a1c01bbd47fc00a2c39e90264f33305004495a9","hash":"a21916a4ff1e0cdf2cc8077c5ee0b5edabce4914"}
}
