TN:
SF:__test__\grossToNet.js
FN:3,(anonymous_0)
FN:14,(anonymous_1)
FN:25,(anonymous_2)
FNF:3
FNH:3
FNDA:6,(anonymous_0)
FNDA:4,(anonymous_1)
FNDA:3,(anonymous_2)
DA:1,1
DA:3,1
DA:4,6
DA:5,6
DA:7,4
DA:9,0
DA:11,2
DA:14,1
DA:15,4
DA:16,4
DA:18,0
DA:20,0
DA:22,4
DA:25,1
DA:26,3
DA:27,3
DA:29,1
DA:31,0
DA:33,2
LF:19
LH:15
BRDA:5,0,0,4
BRDA:5,0,1,0
BRDA:5,0,2,2
BRDA:16,1,0,0
BRDA:16,1,1,0
BRDA:16,1,2,4
BRDA:27,2,0,1
BRDA:27,2,1,0
BRDA:27,2,2,2
BRF:9
BRH:5
end_of_record
TN:
SF:src\config\mysql.js
FNF:0
FNH:0
DA:1,1
DA:3,1
LF:2
LH:2
BRF:0
BRH:0
end_of_record
TN:
SF:src\models\insurance.js
FN:4,(anonymous_0)
FNF:1
FNH:1
FNDA:30,(anonymous_0)
DA:1,1
DA:5,30
DA:8,1
LF:3
LH:3
BRF:0
BRH:0
end_of_record
TN:
SF:src\models\taxLevel.js
FN:4,(anonymous_0)
FNF:1
FNH:1
FNDA:9,(anonymous_0)
DA:1,1
DA:5,9
DA:8,1
LF:3
LH:3
BRF:0
BRH:0
end_of_record
TN:
SF:src\service\grossToNet.js
FN:10,insuranceCalculator
FN:88,personalTax
FN:103,(anonymous_2)
FN:116,toNet
FNF:4
FNH:4
FNDA:9,insuranceCalculator
FNDA:5,personalTax
FNDA:2,(anonymous_2)
FNDA:3,toNet
DA:1,1
DA:2,1
DA:3,1
DA:6,1
DA:8,1
DA:11,9
DA:12,1
DA:14,8
DA:15,2
DA:17,6
DA:18,6
DA:20,5
DA:89,5
DA:90,0
DA:92,5
DA:93,3
DA:94,3
DA:95,3
DA:96,3
DA:98,3
DA:99,1
DA:101,2
DA:103,2
DA:104,2
DA:105,2
DA:107,2
DA:108,2
DA:110,0
DA:111,0
DA:114,3
DA:117,3
DA:118,2
DA:119,1
DA:120,1
DA:121,1
DA:122,1
DA:124,1
DA:125,1
DA:126,1
DA:134,1
LF:40
LH:37
BRDA:11,0,0,1
BRDA:11,0,1,8
BRDA:14,1,0,2
BRDA:14,1,1,6
BRDA:14,2,0,8
BRDA:14,2,1,6
BRDA:14,2,2,3
BRDA:18,3,0,1
BRDA:18,3,1,5
BRDA:18,4,0,6
BRDA:18,4,1,6
BRDA:18,4,2,5
BRDA:20,5,0,1
BRDA:20,5,1,4
BRDA:89,6,0,0
BRDA:89,6,1,5
BRDA:89,7,0,5
BRDA:89,7,1,5
BRDA:92,8,0,2
BRDA:92,8,1,3
BRDA:92,9,0,5
BRDA:92,9,1,4
BRDA:98,10,0,1
BRDA:98,10,1,2
BRDA:104,11,0,2
BRDA:104,11,1,0
BRDA:104,12,0,2
BRDA:104,12,1,0
BRDA:117,13,0,1
BRDA:117,13,1,2
BRDA:118,14,0,1
BRDA:118,14,1,1
BRDA:118,15,0,2
BRDA:118,15,1,2
BRF:34
BRH:31
end_of_record
